<?xml version="1.0" encoding="UTF-8"?>
<!-- Generated by org.testng.reporters.JUnitReportReporter -->
<testsuite hostname="LAPTOP-1IUE2TDC" failures="0" tests="1" name="saucelab.LoginWithOutPOM" time="0.011" errors="0" timestamp="2023-09-23T20:52:36 IST" skipped="0">
  <testcase classname="saucelab.LoginWithOutPOM" name="TC_Login_002" time="0.011"/>
  <system-out/>
</testsuite> <!-- saucelab.LoginWithOutPOM -->
